Checking for ranlib... yes
Checking for <err.h>... yes
Generating defs.mk.
Installing kernel includes...
Installing callno.h
Installing errmsg.h
Installing errno.h
Installing ioctl.h
Installing limits.h
Installing sfs.h
Installing stat.h
Installing types.h
Installing unistd.h
Installing machine-dependent includes for mips...
Installing asmdefs.h
Installing setjmp.h
Installing types.h
Installing library includes...
Installing assert.h
Installing err.h
Installing errno.h
Installing fcntl.h
Installing limits.h
Installing setjmp.h
Installing stdarg.h
Installing stdio.h
Installing stdlib.h
Installing string.h
Installing time.h
Installing unistd.h
Installing sys/ioctl.h
Installing sys/reboot.h
Installing sys/stat.h
Installing sys/types.h
Installing sys/wait.h
a - __printf.o
a - snprintf.o
a - printf.o
a - atoi.o
a - bzero.o
a - memcmp.o
a - memcpy.o
a - memmove.o
a - memset.o
a - malloc.o
a - strcat.o
a - strchr.o
a - strcmp.o
a - strcpy.o
a - strlen.o
a - strrchr.o
a - strtok.o
a - strtok_r.o
a - __assert.o
a - __puts.o
a - err.o
a - getchar.o
a - putchar.o
a - puts.o
a - abort.o
a - errno.o
a - exit.o
a - getcwd.o
a - random.o
a - strerror.o
a - system.o
a - time.o
a - mips-setjmp.o
a - syscalls.o
ar: `u' modifier ignored since `D' is the default (see `U')
a - err.ho
a - time.ho
a - hostcompat.ho
Configuration ASST4
Generating files... opt-*.h files.mk defs.mk Makefile autoconf.h autoconf.c
Configuration in ../compile/ASST4 done
Remember to make depend
*** This is ASST4 build #1 ***
   text	   data	    bss	    dec	    hex	filename
 165448	    560	   9504	 175512	  2ad98	kernel
